生成启动时间为 2015/12/26 21:16:18。
     1>项目“C:\Users\fengzhi\Desktop\1.8\20131105786fengzhi\20131105786fengzhi.vcxproj”在节点 2 上(build 个目标)。
     1>InitializeBuildStatus:
         正在创建“x64\Debug\20131105786fengzhi.unsuccessfulbuild”，因为已指定“AlwaysCreate”。
       ClCompile:
         所有输出均为最新。
         C:\Program Files (x86)\Microsoft Visual Studio 10.0\VC\bin\x86_amd64\CL.exe /c /Zi /nologo /W3 /WX- /Od /D WIN32 /D _DEBUG /D _CONSOLE /D _UNICODE /D UNICODE /Gm /EHsc /RTC1 /MDd /GS /fp:precise /Zc:wchar_t /Zc:forScope /Yu"StdAfx.h" /Fp"x64\Debug\20131105786fengzhi.pch" /Fo"x64\Debug\\" /Fd"x64\Debug\vc100.pdb" /Gd /TP /errorReport:prompt 20131105786fengzhi.cpp
         20131105786fengzhi.cpp
       ManifestResourceCompile:
         所有输出均为最新。
       Link:
         C:\Program Files (x86)\Microsoft Visual Studio 10.0\VC\bin\x86_amd64\link.exe /ERRORREPORT:PROMPT /OUT:"C:\Users\fengzhi\Desktop\1.8\x64\Debug\20131105786fengzhi.exe" /INCREMENTAL /NOLOGO opencv_ml248d.lib opencv_calib3d248d.lib opencv_contrib248d.lib opencv_core248d.lib opencv_features2d248d.lib opencv_flann248d.lib opencv_gpu248d.lib opencv_highgui248d.lib opencv_imgproc248d.lib opencv_legacy248d.lib opencv_objdetect248d.lib opencv_ts248d.lib opencv_video248d.lib opencv_nonfree248d.lib opencv_ocl248d.lib opencv_photo248d.lib opencv_stitching248d.lib opencv_superres248d.lib opencv_videostab248d.lib opencv_objdetect248.lib opencv_ts248.lib opencv_video248.lib opencv_nonfree248.lib opencv_ocl248.lib opencv_photo248.lib opencv_stitching248.lib opencv_superres248.lib opencv_videostab248.lib opencv_calib3d248.lib opencv_contrib248.lib opencv_core248.lib opencv_features2d248.lib opencv_flann248.lib opencv_gpu248.lib opencv_highgui248.lib opencv_imgproc248.lib opencv_legacy248.lib opencv_ml248.lib kernel32.lib user32.lib gdi32.lib winspool.lib comdlg32.lib advapi32.lib shell32.lib ole32.lib oleaut32.lib uuid.lib odbc32.lib odbccp32.lib /MANIFEST /ManifestFile:"x64\Debug\20131105786fengzhi.exe.intermediate.manifest" /MANIFESTUAC:"level='asInvoker' uiAccess='false'" /DEBUG /PDB:"C:\Users\fengzhi\Desktop\1.8\x64\Debug\20131105786fengzhi.pdb" /SUBSYSTEM:CONSOLE /TLBID:1 /DYNAMICBASE /NXCOMPAT /IMPLIB:"C:\Users\fengzhi\Desktop\1.8\x64\Debug\20131105786fengzhi.lib" /MACHINE:X64 x64\Debug\20131105786fengzhi.exe.embed.manifest.res
         x64\Debug\20131105786fengzhi.obj
         x64\Debug\stdafx.obj
         20131105786fengzhi.vcxproj -> C:\Users\fengzhi\Desktop\1.8\x64\Debug\20131105786fengzhi.exe
       Manifest:
         C:\Program Files (x86)\Microsoft SDKs\Windows\v7.0A\bin\mt.exe /nologo /verbose /out:"x64\Debug\20131105786fengzhi.exe.embed.manifest" /manifest x64\Debug\20131105786fengzhi.exe.intermediate.manifest
         所有输出均为最新。
       LinkEmbedManifest:
         所有输出均为最新。
         20131105786fengzhi.vcxproj -> C:\Users\fengzhi\Desktop\1.8\x64\Debug\20131105786fengzhi.exe
       FinalizeBuildStatus:
         正在删除文件“x64\Debug\20131105786fengzhi.unsuccessfulbuild”。
         正在对“x64\Debug\20131105786fengzhi.lastbuildstate”执行 Touch 任务。
     1>已完成生成项目“C:\Users\fengzhi\Desktop\1.8\20131105786fengzhi\20131105786fengzhi.vcxproj”(build 个目标)的操作。

生成成功。

已用时间 00:00:04.81
